<?xml version="1.0" encoding="UTF-8"?>
<testng-results ignored="0" total="1" passed="1" failed="0" skipped="0">
  <reporter-output>
  </reporter-output>
  <suite started-at="2023-06-09T06:59:09Z" name="Suite" finished-at="2023-06-09T06:59:14Z" duration-ms="4667">
    <groups>
    </groups>
    <test started-at="2023-06-09T06:59:09Z" name="Test" finished-at="2023-06-09T06:59:14Z" duration-ms="4667">
      <class name="Test.MavenProject.GooglePage">
        <test-method is-config="true" signature="WebDriversetup()[pri:0, instance:Test.MavenProject.GooglePage@791f145a]" started-at="2023-06-09T06:59:09Z" name="WebDriversetup" finished-at="2023-06-09T06:59:13Z" duration-ms="3329" status="PASS">
          <reporter-output>
          </reporter-output>
        </test-method> <!-- WebDriversetup -->
        <test-method signature="GoogleTitleValidation()[pri:0, instance:Test.MavenProject.GooglePage@791f145a]" started-at="2023-06-09T06:59:13Z" name="GoogleTitleValidation" finished-at="2023-06-09T06:59:14Z" duration-ms="1164" status="PASS">
          <reporter-output>
          </reporter-output>
        </test-method> <!-- GoogleTitleValidation -->
        <test-method is-config="true" signature="teardown()[pri:0, instance:Test.MavenProject.GooglePage@791f145a]" started-at="2023-06-09T06:59:14Z" name="teardown" finished-at="2023-06-09T06:59:14Z" duration-ms="159" status="PASS">
          <reporter-output>
          </reporter-output>
        </test-method> <!-- teardown -->
      </class> <!-- Test.MavenProject.GooglePage -->
    </test> <!-- Test -->
  </suite> <!-- Suite -->
</testng-results>
