<?xml version="1.0" encoding="UTF-8"?>
<testng-results ignored="0" total="1" passed="1" failed="0" skipped="0">
  <reporter-output>
  </reporter-output>
  <suite started-at="2023-04-19T11:20:56Z" name="Suite" finished-at="2023-04-19T11:21:00Z" duration-ms="4539">
    <groups>
    </groups>
    <test started-at="2023-04-19T11:20:56Z" name="Test" finished-at="2023-04-19T11:21:00Z" duration-ms="4539">
      <class name="Test.MavenProject.GooglePage">
        <test-method is-config="true" signature="WebDriversetup()[pri:0, instance:Test.MavenProject.GooglePage@13fd2ccd]" started-at="2023-04-19T11:20:56Z" name="WebDriversetup" finished-at="2023-04-19T11:20:59Z" duration-ms="3208" status="PASS">
          <reporter-output>
          </reporter-output>
        </test-method> <!-- WebDriversetup -->
        <test-method signature="GoogleTitleValidation()[pri:0, instance:Test.MavenProject.GooglePage@13fd2ccd]" started-at="2023-04-19T11:20:59Z" name="GoogleTitleValidation" finished-at="2023-04-19T11:21:00Z" duration-ms="1187" status="PASS">
          <reporter-output>
          </reporter-output>
        </test-method> <!-- GoogleTitleValidation -->
        <test-method is-config="true" signature="teardown()[pri:0, instance:Test.MavenProject.GooglePage@13fd2ccd]" started-at="2023-04-19T11:21:00Z" name="teardown" finished-at="2023-04-19T11:21:00Z" duration-ms="122" status="PASS">
          <reporter-output>
          </reporter-output>
        </test-method> <!-- teardown -->
      </class> <!-- Test.MavenProject.GooglePage -->
    </test> <!-- Test -->
  </suite> <!-- Suite -->
</testng-results>
