<?xml version="1.0" encoding="UTF-8"?>
<testng-results ignored="0" total="1" passed="1" failed="0" skipped="0">
  <reporter-output>
  </reporter-output>
  <suite started-at="2023-04-19T16:42:51 IST" name="Suite" finished-at="2023-04-19T16:42:58 IST" duration-ms="6962">
    <groups>
    </groups>
    <test started-at="2023-04-19T16:42:51 IST" name="Test" finished-at="2023-04-19T16:42:58 IST" duration-ms="6962">
      <class name="Test.MavenProject.GooglePage">
        <test-method is-config="true" signature="WebDriversetup()[pri:0, instance:Test.MavenProject.GooglePage@659a969b]" started-at="2023-04-19T16:42:51 IST" name="WebDriversetup" finished-at="2023-04-19T16:42:56 IST" duration-ms="4885" status="PASS">
          <reporter-output>
          </reporter-output>
        </test-method> <!-- WebDriversetup -->
        <test-method signature="GoogleTitleValidation()[pri:0, instance:Test.MavenProject.GooglePage@659a969b]" started-at="2023-04-19T16:42:56 IST" name="GoogleTitleValidation" finished-at="2023-04-19T16:42:58 IST" duration-ms="1750" status="PASS">
          <reporter-output>
          </reporter-output>
        </test-method> <!-- GoogleTitleValidation -->
        <test-method is-config="true" signature="teardown()[pri:0, instance:Test.MavenProject.GooglePage@659a969b]" started-at="2023-04-19T16:42:58 IST" name="teardown" finished-at="2023-04-19T16:42:58 IST" duration-ms="283" status="PASS">
          <reporter-output>
          </reporter-output>
        </test-method> <!-- teardown -->
      </class> <!-- Test.MavenProject.GooglePage -->
    </test> <!-- Test -->
  </suite> <!-- Suite -->
</testng-results>
