<?xml version="1.0" encoding="UTF-8"?>
<testng-results skipped="0" failed="0" ignored="0" total="2" passed="2">
  <reporter-output>
  </reporter-output>
  <suite name="Suite" duration-ms="59" started-at="2023-06-19T12:12:21 IST" finished-at="2023-06-19T12:12:21 IST">
    <groups>
    </groups>
    <test name="Test" duration-ms="59" started-at="2023-06-19T12:12:21 IST" finished-at="2023-06-19T12:12:21 IST">
      <class name="Test.MavenProject.Unittest">
        <test-method status="PASS" signature="BeforeTest()[pri:0, instance:Test.MavenProject.Unittest@4cf4d528]" name="BeforeTest" is-config="true" duration-ms="12" started-at="2023-06-19T12:12:21 IST" finished-at="2023-06-19T12:12:21 IST">
          <reporter-output>
          </reporter-output>
        </test-method> <!-- BeforeTest -->
        <test-method status="PASS" signature="TestcaseValidation1()[pri:0, instance:Test.MavenProject.Unittest@4cf4d528]" name="TestcaseValidation1" duration-ms="6" started-at="2023-06-19T12:12:21 IST" finished-at="2023-06-19T12:12:21 IST">
          <reporter-output>
          </reporter-output>
        </test-method> <!-- TestcaseValidation1 -->
        <test-method status="PASS" signature="TestcaseValidation2()[pri:0, instance:Test.MavenProject.Unittest@4cf4d528]" name="TestcaseValidation2" duration-ms="1" started-at="2023-06-19T12:12:21 IST" finished-at="2023-06-19T12:12:21 IST">
          <reporter-output>
          </reporter-output>
        </test-method> <!-- TestcaseValidation2 -->
        <test-method status="PASS" signature="teardown()[pri:0, instance:Test.MavenProject.Unittest@4cf4d528]" name="teardown" is-config="true" duration-ms="0" started-at="2023-06-19T12:12:21 IST" finished-at="2023-06-19T12:12:21 IST">
          <reporter-output>
          </reporter-output>
        </test-method> <!-- teardown -->
      </class> <!-- Test.MavenProject.Unittest -->
    </test> <!-- Test -->
  </suite> <!-- Suite -->
</testng-results>
